<?xml version="1.0" encoding="UTF-8"?>
<!-- Generated by org.testng.reporters.JUnitXMLReporter -->
<testsuite ignored="0" hostname="Mukul" failures="11" tests="11" name="Default test" time="8.295" errors="0" timestamp="03 Mar 2021 03:12:50 GMT">
  <testcase classname="io.cucumber.testng.AbstractTestNGCucumberTests" name="runScenario" time="0.788">
    <failure type="java.lang.NullPointerException" message="Cannot invoke &amp;quot;org.openqa.selenium.WebDriver.get(String)&amp;quot; because the return value of &amp;quot;com.qa.factory.DriverFactory.getDriver()&amp;quot; is null">
      <![CDATA[java.lang.NullPointerException: Cannot invoke "org.openqa.selenium.WebDriver.get(String)" because the return value of "com.qa.factory.DriverFactory.getDriver()" is null
at stepdefinitions.ContactUsSteps.user_navigates_to_contact_us_page(ContactUsSteps.java:22)
at ✽.user navigates to contact us page(file:///C:/Users/mukul/FrameWork/LatestCucumber6WithPOM/src/test/resources/AppFeatures/ContactUs.feature:4)
]]>
    </failure>
  </testcase> <!-- runScenario -->
  <testcase classname="io.cucumber.testng.AbstractTestNGCucumberTests" name="runScenario" time="0.797">
    <failure type="java.lang.NullPointerException" message="Cannot invoke &amp;quot;org.openqa.selenium.WebDriver.get(String)&amp;quot; because the return value of &amp;quot;com.qa.factory.DriverFactory.getDriver()&amp;quot; is null">
      <![CDATA[java.lang.NullPointerException: Cannot invoke "org.openqa.selenium.WebDriver.get(String)" because the return value of "com.qa.factory.DriverFactory.getDriver()" is null
at stepdefinitions.ContactUsSteps.user_navigates_to_contact_us_page(ContactUsSteps.java:22)
at ✽.user navigates to contact us page(file:///C:/Users/mukul/FrameWork/LatestCucumber6WithPOM/src/test/resources/AppFeatures/ContactUs.feature:4)
]]>
    </failure>
  </testcase> <!-- runScenario -->
  <testcase classname="io.cucumber.testng.AbstractTestNGCucumberTests" name="runScenario" time="0.816">
    <failure type="java.lang.NullPointerException" message="Cannot invoke &amp;quot;org.openqa.selenium.WebDriver.get(String)&amp;quot; because the return value of &amp;quot;com.qa.factory.DriverFactory.getDriver()&amp;quot; is null">
      <![CDATA[java.lang.NullPointerException: Cannot invoke "org.openqa.selenium.WebDriver.get(String)" because the return value of "com.qa.factory.DriverFactory.getDriver()" is null
at stepdefinitions.LoginPageSteps.user_is_on_login_page(LoginPageSteps.java:22)
at ✽.user is on login page(file:///C:/Users/mukul/FrameWork/LatestCucumber6WithPOM/src/test/resources/AppFeatures/LoginPage.feature:4)
]]>
    </failure>
  </testcase> <!-- runScenario -->
  <testcase classname="io.cucumber.testng.AbstractTestNGCucumberTests" name="runScenario" time="0.836">
    <failure type="java.lang.NullPointerException" message="Cannot invoke &amp;quot;org.openqa.selenium.WebDriver.get(String)&amp;quot; because the return value of &amp;quot;com.qa.factory.DriverFactory.getDriver()&amp;quot; is null">
      <![CDATA[java.lang.NullPointerException: Cannot invoke "org.openqa.selenium.WebDriver.get(String)" because the return value of "com.qa.factory.DriverFactory.getDriver()" is null
at stepdefinitions.LoginPageSteps.user_is_on_login_page(LoginPageSteps.java:22)
at ✽.user is on login page(file:///C:/Users/mukul/FrameWork/LatestCucumber6WithPOM/src/test/resources/AppFeatures/LoginPage.feature:9)
]]>
    </failure>
  </testcase> <!-- runScenario -->
  <testcase classname="io.cucumber.testng.AbstractTestNGCucumberTests" name="runScenario" time="0.888">
    <failure type="java.lang.NullPointerException" message="Cannot invoke &amp;quot;org.openqa.selenium.WebDriver.get(String)&amp;quot; because the return value of &amp;quot;com.qa.factory.DriverFactory.getDriver()&amp;quot; is null">
      <![CDATA[java.lang.NullPointerException: Cannot invoke "org.openqa.selenium.WebDriver.get(String)" because the return value of "com.qa.factory.DriverFactory.getDriver()" is null
at stepdefinitions.ContactUsSteps.user_navigates_to_contact_us_page(ContactUsSteps.java:22)
at ✽.user navigates to contact us page(file:///C:/Users/mukul/FrameWork/LatestCucumber6WithPOM/src/test/resources/AppFeatures/ContactUs.feature:4)
]]>
    </failure>
  </testcase> <!-- runScenario -->
  <testcase classname="io.cucumber.testng.AbstractTestNGCucumberTests" name="runScenario" time="0.89">
    <failure type="java.lang.NullPointerException" message="Cannot invoke &amp;quot;org.openqa.selenium.WebDriver.get(String)&amp;quot; because the return value of &amp;quot;com.qa.factory.DriverFactory.getDriver()&amp;quot; is null">
      <![CDATA[java.lang.NullPointerException: Cannot invoke "org.openqa.selenium.WebDriver.get(String)" because the return value of "com.qa.factory.DriverFactory.getDriver()" is null
at stepdefinitions.ContactUsSteps.user_navigates_to_contact_us_page(ContactUsSteps.java:22)
at ✽.user navigates to contact us page(file:///C:/Users/mukul/FrameWork/LatestCucumber6WithPOM/src/test/resources/AppFeatures/ContactUs.feature:4)
]]>
    </failure>
  </testcase> <!-- runScenario -->
  <testcase classname="io.cucumber.testng.AbstractTestNGCucumberTests" name="runScenario" time="0.908">
    <failure type="java.lang.NullPointerException" message="Cannot invoke &amp;quot;org.openqa.selenium.WebDriver.get(String)&amp;quot; because the return value of &amp;quot;com.qa.factory.DriverFactory.getDriver()&amp;quot; is null">
      <![CDATA[java.lang.NullPointerException: Cannot invoke "org.openqa.selenium.WebDriver.get(String)" because the return value of "com.qa.factory.DriverFactory.getDriver()" is null
at stepdefinitions.ContactUsSteps.user_navigates_to_contact_us_page(ContactUsSteps.java:22)
at ✽.user navigates to contact us page(file:///C:/Users/mukul/FrameWork/LatestCucumber6WithPOM/src/test/resources/AppFeatures/ContactUs.feature:4)
]]>
    </failure>
  </testcase> <!-- runScenario -->
  <testcase classname="io.cucumber.testng.AbstractTestNGCucumberTests" name="runScenario" time="0.961">
    <failure type="java.lang.NullPointerException" message="Cannot invoke &amp;quot;org.openqa.selenium.WebDriver.get(String)&amp;quot; because the return value of &amp;quot;com.qa.factory.DriverFactory.getDriver()&amp;quot; is null">
      <![CDATA[java.lang.NullPointerException: Cannot invoke "org.openqa.selenium.WebDriver.get(String)" because the return value of "com.qa.factory.DriverFactory.getDriver()" is null
at stepdefinitions.ContactUsSteps.user_navigates_to_contact_us_page(ContactUsSteps.java:22)
at ✽.user navigates to contact us page(file:///C:/Users/mukul/FrameWork/LatestCucumber6WithPOM/src/test/resources/AppFeatures/ContactUs.feature:4)
]]>
    </failure>
  </testcase> <!-- runScenario -->
  <testcase classname="io.cucumber.testng.AbstractTestNGCucumberTests" name="runScenario" time="0.998">
    <failure type="java.lang.NullPointerException" message="Cannot invoke &amp;quot;org.openqa.selenium.WebDriver.get(String)&amp;quot; because the return value of &amp;quot;com.qa.factory.DriverFactory.getDriver()&amp;quot; is null">
      <![CDATA[java.lang.NullPointerException: Cannot invoke "org.openqa.selenium.WebDriver.get(String)" because the return value of "com.qa.factory.DriverFactory.getDriver()" is null
at stepdefinitions.AccountsPageSteps.user_has_already_logged_in_to_application(AccountsPageSteps.java:27)
at ✽.user has already logged in to application(file:///C:/Users/mukul/FrameWork/LatestCucumber6WithPOM/src/test/resources/AppFeatures/AccountsPage.feature:4)
]]>
    </failure>
  </testcase> <!-- runScenario -->
  <testcase classname="io.cucumber.testng.AbstractTestNGCucumberTests" name="runScenario" time="1.01">
    <failure type="java.lang.NullPointerException" message="Cannot invoke &amp;quot;org.openqa.selenium.WebDriver.get(String)&amp;quot; because the return value of &amp;quot;com.qa.factory.DriverFactory.getDriver()&amp;quot; is null">
      <![CDATA[java.lang.NullPointerException: Cannot invoke "org.openqa.selenium.WebDriver.get(String)" because the return value of "com.qa.factory.DriverFactory.getDriver()" is null
at stepdefinitions.AccountsPageSteps.user_has_already_logged_in_to_application(AccountsPageSteps.java:27)
at ✽.user has already logged in to application(file:///C:/Users/mukul/FrameWork/LatestCucumber6WithPOM/src/test/resources/AppFeatures/AccountsPage.feature:4)
]]>
    </failure>
  </testcase> <!-- runScenario -->
  <testcase classname="io.cucumber.testng.AbstractTestNGCucumberTests" name="runScenario" time="0.25">
    <failure type="java.lang.NullPointerException" message="Cannot invoke &amp;quot;org.openqa.selenium.WebDriver.get(String)&amp;quot; because the return value of &amp;quot;com.qa.factory.DriverFactory.getDriver()&amp;quot; is null">
      <![CDATA[java.lang.NullPointerException: Cannot invoke "org.openqa.selenium.WebDriver.get(String)" because the return value of "com.qa.factory.DriverFactory.getDriver()" is null
at stepdefinitions.LoginPageSteps.user_is_on_login_page(LoginPageSteps.java:22)
at ✽.user is on login page(file:///C:/Users/mukul/FrameWork/LatestCucumber6WithPOM/src/test/resources/AppFeatures/LoginPage.feature:13)
]]>
    </failure>
  </testcase> <!-- runScenario -->
</testsuite> <!-- Default test -->
